Line 63: Class MSMask.MaskEdBox of control Cliente was not a loaded control class.
Line 140: Class MSMask.MaskEdBox of control PercAcrescFin was not a loaded control class.
Line 248: Class MSMask.MaskEdBox of control NaturezaOp was not a loaded control class.
Line 271: Class MSMask.MaskEdBox of control Codigo was not a loaded control class.
Line 297: Class MSMask.MaskEdBox of control DataEmissao was not a loaded control class.
Line 455: Class MSMask.MaskEdBox of control QuantCancelada was not a loaded control class.
Line 478: Class MSMask.MaskEdBox of control QuantFaturada was not a loaded control class.
Line 502: Class MSMask.MaskEdBox of control QuantReservadaPV was not a loaded control class.
Line 526: Class MSMask.MaskEdBox of control DataEntrega was not a loaded control class.
Line 541: Class MSMask.MaskEdBox of control Desconto was not a loaded control class.
Line 566: Class MSMask.MaskEdBox of control PercentDesc was not a loaded control class.
Line 590: Class MSMask.MaskEdBox of control PrecoUnitario was not a loaded control class.
Line 614: Class MSMask.MaskEdBox of control Quantidade was not a loaded control class.
Line 637: Class MSMask.MaskEdBox of control Produto was not a loaded control class.
Line 650: Class MSMask.MaskEdBox of control PrecoTotal was not a loaded control class.
Line 692: Class MSMask.MaskEdBox of control PrecoBase was not a loaded control class.
Line 725: Class MSMask.MaskEdBox of control ValorFrete was not a loaded control class.
Line 739: Class MSMask.MaskEdBox of control ValorDesconto was not a loaded control class.
Line 753: Class MSMask.MaskEdBox of control ValorDespesas was not a loaded control class.
Line 767: Class MSMask.MaskEdBox of control ValorSeguro was not a loaded control class.
Line 1077: Class MSMask.MaskEdBox of control Vendedor was not a loaded control class.
Line 1092: Class MSMask.MaskEdBox of control PercentualBaixa was not a loaded control class.
Line 1134: Class MSMask.MaskEdBox of control ValorBaixa was not a loaded control class.
Line 1159: Class MSMask.MaskEdBox of control ValorComissao was not a loaded control class.
Line 1184: Class MSMask.MaskEdBox of control ValorBase was not a loaded control class.
Line 1209: Class MSMask.MaskEdBox of control PercentualComissao was not a loaded control class.
Line 1234: Class MSMask.MaskEdBox of control ValorEmissao was not a loaded control class.
Line 1259: Class MSMask.MaskEdBox of control PercentualEmissao was not a loaded control class.
Line 1287: Class MSMask.MaskEdBox of control VendedorCupom was not a loaded control class.
